<?xml version="1.0" encoding="UTF-8"?>
<testsuite name="tests.junit.CalculatorUnitTests" tests="9" skipped="1" failures="0" errors="0" timestamp="2024-09-22T15:49:55" hostname="-PC" time="0.886">
  <properties/>
  <testcase name="repetition 3 of 5" classname="tests.junit.CalculatorUnitTests" time="0.334"/>
  <testcase name="repetition 4 of 5" classname="tests.junit.CalculatorUnitTests" time="0.013"/>
  <testcase name="repetition 5 of 5" classname="tests.junit.CalculatorUnitTests" time="0.018"/>
  <testcase name="repetition 2 of 5" classname="tests.junit.CalculatorUnitTests" time="0.049"/>
  <testcase name="repetition 1 of 5" classname="tests.junit.CalculatorUnitTests" time="0.03"/>
  <testcase name="Test for exception when dividing by zero" classname="tests.junit.CalculatorUnitTests" time="0.074"/>
  <testcase name="Testing addition of two numbers" classname="tests.junit.CalculatorUnitTests" time="0.017"/>
  <testcase name="Testing subtraction of two numbers" classname="tests.junit.CalculatorUnitTests" time="0.001">
    <skipped/>
  </testcase>
  <testcase name="Test with Mockito" classname="tests.junit.CalculatorUnitTests" time="0.46"/>
  <system-out><![CDATA[]]></system-out>
  <system-err><![CDATA[]]></system-err>
</testsuite>
